<?xml version="1.0" encoding="UTF-8"?>
<testsuite xmlns:xsi="http://www.w3.org/2001/XMLSchema-instance" xsi:noNamespaceSchemaLocation="https://maven.apache.org/surefire/maven-surefire-plugin/xsd/surefire-test-report.xsd" name="com.example.BankAccountTest" time="0.027" tests="3" errors="0" skipped="0" failures="0">
  <properties>
    <property name="java.specification.version" value="17"/>
    <property name="sun.jnu.encoding" value="UTF-8"/>
    <property name="java.class.path" value="/home/ragefire/Desktop/Digital-Nurture-4.0-JavaFSE/DN4_Java_FSE_Rohit_Tudu_6393839/Week 2/JUnit/junit_exercise/target/test-classes:/home/ragefire/Desktop/Digital-Nurture-4.0-JavaFSE/DN4_Java_FSE_Rohit_Tudu_6393839/Week 2/JUnit/junit_exercise/target/classes:/home/ragefire/.m2/repository/junit/junit/4.13.2/junit-4.13.2.jar:/home/ragefire/.m2/repository/org/hamcrest/hamcrest-core/1.3/hamcrest-core-1.3.jar:/home/ragefire/.m2/repository/org/mockito/mockito-core/4.11.0/mockito-core-4.11.0.jar:/home/ragefire/.m2/repository/net/bytebuddy/byte-buddy/1.12.19/byte-buddy-1.12.19.jar:/home/ragefire/.m2/repository/net/bytebuddy/byte-buddy-agent/1.12.19/byte-buddy-agent-1.12.19.jar:/home/ragefire/.m2/repository/org/objenesis/objenesis/3.3/objenesis-3.3.jar:"/>
    <property name="java.vm.vendor" value="Ubuntu"/>
    <property name="sun.arch.data.model" value="64"/>
    <property name="java.vendor.url" value="https://ubuntu.com/"/>
    <property name="os.name" value="Linux"/>
    <property name="java.vm.specification.version" value="17"/>
    <property name="sun.java.launcher" value="SUN_STANDARD"/>
    <property name="user.country" value="US"/>
    <property name="sun.boot.library.path" value="/usr/lib/jvm/java-17-openjdk-amd64/lib"/>
    <property name="sun.java.command" value="/home/ragefire/Desktop/Digital-Nurture-4.0-JavaFSE/DN4_Java_FSE_Rohit_Tudu_6393839/Week 2/JUnit/junit_exercise/target/surefire/surefirebooter7376739074513336335.jar /home/ragefire/Desktop/Digital-Nurture-4.0-JavaFSE/DN4_Java_FSE_Rohit_Tudu_6393839/Week 2/JUnit/junit_exercise/target/surefire 2025-06-27T07-14-57_981-jvmRun1 surefire10184190061850812672tmp surefire_013004471419177132443tmp"/>
    <property name="jdk.debug" value="release"/>
    <property name="surefire.test.class.path" value="/home/ragefire/Desktop/Digital-Nurture-4.0-JavaFSE/DN4_Java_FSE_Rohit_Tudu_6393839/Week 2/JUnit/junit_exercise/target/test-classes:/home/ragefire/Desktop/Digital-Nurture-4.0-JavaFSE/DN4_Java_FSE_Rohit_Tudu_6393839/Week 2/JUnit/junit_exercise/target/classes:/home/ragefire/.m2/repository/junit/junit/4.13.2/junit-4.13.2.jar:/home/ragefire/.m2/repository/org/hamcrest/hamcrest-core/1.3/hamcrest-core-1.3.jar:/home/ragefire/.m2/repository/org/mockito/mockito-core/4.11.0/mockito-core-4.11.0.jar:/home/ragefire/.m2/repository/net/bytebuddy/byte-buddy/1.12.19/byte-buddy-1.12.19.jar:/home/ragefire/.m2/repository/net/bytebuddy/byte-buddy-agent/1.12.19/byte-buddy-agent-1.12.19.jar:/home/ragefire/.m2/repository/org/objenesis/objenesis/3.3/objenesis-3.3.jar:"/>
    <property name="sun.cpu.endian" value="little"/>
    <property name="user.home" value="/home/ragefire"/>
    <property name="user.language" value="en"/>
    <property name="java.specification.vendor" value="Oracle Corporation"/>
    <property name="java.version.date" value="2025-04-15"/>
    <property name="java.home" value="/usr/lib/jvm/java-17-openjdk-amd64"/>
    <property name="file.separator" value="/"/>
    <property name="basedir" value="/home/ragefire/Desktop/Digital-Nurture-4.0-JavaFSE/DN4_Java_FSE_Rohit_Tudu_6393839/Week 2/JUnit/junit_exercise"/>
    <property name="java.vm.compressedOopsMode" value="Zero based"/>
    <property name="line.separator" value="&#10;"/>
    <property name="java.vm.specification.vendor" value="Oracle Corporation"/>
    <property name="java.specification.name" value="Java Platform API Specification"/>
    <property name="surefire.real.class.path" value="/home/ragefire/Desktop/Digital-Nurture-4.0-JavaFSE/DN4_Java_FSE_Rohit_Tudu_6393839/Week 2/JUnit/junit_exercise/target/surefire/surefirebooter7376739074513336335.jar"/>
    <property name="sun.management.compiler" value="HotSpot 64-Bit Tiered Compilers"/>
    <property name="java.runtime.version" value="17.0.15+6-Ubuntu-0ubuntu125.04"/>
    <property name="user.name" value="ragefire"/>
    <property name="path.separator" value=":"/>
    <property name="os.version" value="6.14.0-22-generic"/>
    <property name="java.runtime.name" value="OpenJDK Runtime Environment"/>
    <property name="file.encoding" value="UTF-8"/>
    <property name="java.vm.name" value="OpenJDK 64-Bit Server VM"/>
    <property name="localRepository" value="/home/ragefire/.m2/repository"/>
    <property name="java.vendor.url.bug" value="https://bugs.launchpad.net/ubuntu/+source/openjdk-17"/>
    <property name="java.io.tmpdir" value="/tmp"/>
    <property name="java.version" value="17.0.15"/>
    <property name="user.dir" value="/home/ragefire/Desktop/Digital-Nurture-4.0-JavaFSE/DN4_Java_FSE_Rohit_Tudu_6393839/Week 2/JUnit/junit_exercise"/>
    <property name="os.arch" value="amd64"/>
    <property name="java.vm.specification.name" value="Java Virtual Machine Specification"/>
    <property name="native.encoding" value="UTF-8"/>
    <property name="java.library.path" value="/usr/java/packages/lib:/usr/lib/x86_64-linux-gnu/jni:/lib/x86_64-linux-gnu:/usr/lib/x86_64-linux-gnu:/usr/lib/jni:/lib:/usr/lib"/>
    <property name="java.vm.info" value="mixed mode, sharing"/>
    <property name="java.vendor" value="Ubuntu"/>
    <property name="java.vm.version" value="17.0.15+6-Ubuntu-0ubuntu125.04"/>
    <property name="java.specification.maintenance.version" value="1"/>
    <property name="sun.io.unicode.encoding" value="UnicodeLittle"/>
    <property name="java.class.version" value="61.0"/>
  </properties>
  <testcase name="testWithdraw" classname="com.example.BankAccountTest" time="0.002"/>
  <testcase name="testWithdrawMoreThanBalance" classname="com.example.BankAccountTest" time="0.001"/>
  <testcase name="testDeposit" classname="com.example.BankAccountTest" time="0"/>
</testsuite>